Determining if the pthread_create exist failed with the following output:
Change Dir: /home/spiros/cpp/roboworkers/-lpthread -lboost_thread -lboost_system-mt/CMakeFiles/CMakeTmp

Run Build Command:"/usr/bin/make" "cmTC_11e18/fast"
/usr/bin/make -f CMakeFiles/cmTC_11e18.dir/build.make CMakeFiles/cmTC_11e18.dir/build
make[1]: Entering directory '/home/spiros/cpp/roboworkers/-lpthread -lboost_thread -lboost_system-mt/CMakeFiles/CMakeTmp'
Building C object CMakeFiles/cmTC_11e18.dir/CheckSymbolExists.c.o
/usr/bin/cc    -o CMakeFiles/cmTC_11e18.dir/CheckSymbolExists.c.o   -c "/home/spiros/cpp/roboworkers/-lpthread -lboost_thread -lboost_system-mt/CMakeFiles/CMakeTmp/CheckSymbolExists.c"
Linking C executable cmTC_11e18
/opt/clion-2018.1.1/bin/cmake/bin/cmake -E cmake_link_script CMakeFiles/cmTC_11e18.dir/link.txt --verbose=1
/usr/bin/cc      -rdynamic CMakeFiles/cmTC_11e18.dir/CheckSymbolExists.c.o  -o cmTC_11e18 
CMakeFiles/cmTC_11e18.dir/CheckSymbolExists.c.o: In function `main':
CheckSymbolExists.c:(.text+0x16): undefined reference to `pthread_create'
collect2: error: ld returned 1 exit status
CMakeFiles/cmTC_11e18.dir/build.make:97: recipe for target 'cmTC_11e18' failed
make[1]: *** [cmTC_11e18] Error 1
make[1]: Leaving directory '/home/spiros/cpp/roboworkers/-lpthread -lboost_thread -lboost_system-mt/CMakeFiles/CMakeTmp'
Makefile:126: recipe for target 'cmTC_11e18/fast' failed
make: *** [cmTC_11e18/fast] Error 2

File /home/spiros/cpp/roboworkers/-lpthread -lboost_thread -lboost_system-mt/CMakeFiles/CMakeTmp/CheckSymbolExists.c:
/* */
#include <pthread.h>

int main(int argc, char** argv)
{
  (void)argv;
#ifndef pthread_create
  return ((int*)(&pthread_create))[argc];
#else
  (void)argc;
  return 0;
#endif
}

Determining if the function pthread_create exists in the pthreads failed with the following output:
Change Dir: /home/spiros/cpp/roboworkers/-lpthread -lboost_thread -lboost_system-mt/CMakeFiles/CMakeTmp

Run Build Command:"/usr/bin/make" "cmTC_9b859/fast"
/usr/bin/make -f CMakeFiles/cmTC_9b859.dir/build.make CMakeFiles/cmTC_9b859.dir/build
make[1]: Entering directory '/home/spiros/cpp/roboworkers/-lpthread -lboost_thread -lboost_system-mt/CMakeFiles/CMakeTmp'
Building C object CMakeFiles/cmTC_9b859.dir/CheckFunctionExists.c.o
/usr/bin/cc   -DCHECK_FUNCTION_EXISTS=pthread_create   -o CMakeFiles/cmTC_9b859.dir/CheckFunctionExists.c.o   -c /opt/clion-2018.1.1/bin/cmake/share/cmake-3.10/Modules/CheckFunctionExists.c
Linking C executable cmTC_9b859
/opt/clion-2018.1.1/bin/cmake/bin/cmake -E cmake_link_script CMakeFiles/cmTC_9b859.dir/link.txt --verbose=1
/usr/bin/cc  -DCHECK_FUNCTION_EXISTS=pthread_create    -rdynamic CMakeFiles/cmTC_9b859.dir/CheckFunctionExists.c.o  -o cmTC_9b859 -lpthreads 
/usr/bin/ld: cannot find -lpthreads
collect2: error: ld returned 1 exit status
CMakeFiles/cmTC_9b859.dir/build.make:97: recipe for target 'cmTC_9b859' failed
make[1]: *** [cmTC_9b859] Error 1
make[1]: Leaving directory '/home/spiros/cpp/roboworkers/-lpthread -lboost_thread -lboost_system-mt/CMakeFiles/CMakeTmp'
Makefile:126: recipe for target 'cmTC_9b859/fast' failed
make: *** [cmTC_9b859/fast] Error 2


